<?xml version="1.0" encoding="UTF-8"?>
<testng-results skipped="0" failed="0" ignored="0" total="2" passed="2">
  <reporter-output>
  </reporter-output>
  <suite name="Default suite" duration-ms="33796" started-at="2019-08-29T15:34:12Z" finished-at="2019-08-29T15:34:46Z">
    <groups>
    </groups>
    <test name="Default test" duration-ms="33796" started-at="2019-08-29T15:34:12Z" finished-at="2019-08-29T15:34:46Z">
      <class name="com.training.sanity.tests.Logout">
        <test-method status="PASS" signature="setUpBeforeClass()[pri:0, instance:com.training.sanity.tests.Logout@1e88b3c]" name="setUpBeforeClass" is-config="true" duration-ms="18683" started-at="2019-08-29T15:34:12Z" finished-at="2019-08-29T15:34:31Z">
          <reporter-output>
          </reporter-output>
        </test-method> <!-- setUpBeforeClass -->
        <test-method status="PASS" signature="validLoginTest()[pri:0, instance:com.training.sanity.tests.Logout@1e88b3c]" name="validLoginTest" duration-ms="6731" started-at="2019-08-29T15:34:31Z" finished-at="2019-08-29T15:34:37Z">
          <reporter-output>
          </reporter-output>
        </test-method> <!-- validLoginTest -->
        <test-method status="PASS" signature="updateProfile()[pri:0, instance:com.training.sanity.tests.Logout@1e88b3c]" name="updateProfile" duration-ms="6378" started-at="2019-08-29T15:34:37Z" finished-at="2019-08-29T15:34:44Z">
          <reporter-output>
          </reporter-output>
        </test-method> <!-- updateProfile -->
        <test-method status="PASS" signature="tearDown()[pri:0, instance:com.training.sanity.tests.Logout@1e88b3c]" name="tearDown" is-config="true" duration-ms="1958" started-at="2019-08-29T15:34:44Z" finished-at="2019-08-29T15:34:46Z">
          <reporter-output>
          </reporter-output>
        </test-method> <!-- tearDown -->
      </class> <!-- com.training.sanity.tests.Logout -->
    </test> <!-- Default test -->
  </suite> <!-- Default suite -->
</testng-results>
